<?xml version="1.0" encoding="UTF-8"?>
<robot generator="Robot 5.0.1 (Python 3.10.5 on win32)" generated="20221003 16:52:30.933" rpa="false" schemaversion="3">
<suite id="s1" name="SearchProuctsTest" source="D:\FastProject\FAST\EXAMPLES\amazon\Tests\SearchProducts\SearchProuctsTest.robot">
<kw name="Begin Web Test" library="CommonKeywords" type="SETUP">
<kw name="Open Browser" library="SeleniumLibrary">
<arg>${URL}</arg>
<arg>${BROWSER}</arg>
<arg>service_log_path=${{os.path.devnull}}</arg>
<doc>Opens a new browser instance to the optional ``url``.</doc>
<msg timestamp="20221003 16:52:31.743" level="INFO">Opening browser 'firefox' to base url 'https://www.amazon.com/'.</msg>
<msg timestamp="20221003 16:52:31.743" level="INFO">Browser driver log file created to: D:\FastProject\FAST\EXAMPLES\amazon\Platform\webdrivers\nul</msg>
<status status="PASS" starttime="20221003 16:52:31.740" endtime="20221003 16:52:44.410"/>
</kw>
<kw name="Maximize Browser Window" library="SeleniumLibrary">
<doc>Maximizes current browser window.</doc>
<status status="PASS" starttime="20221003 16:52:44.411" endtime="20221003 16:52:44.462"/>
</kw>
<kw name="Set Selenium Implicit Wait" library="SeleniumLibrary">
<arg>10s</arg>
<doc>Sets the implicit wait value used by Selenium.</doc>
<status status="PASS" starttime="20221003 16:52:44.462" endtime="20221003 16:52:44.492"/>
</kw>
<status status="PASS" starttime="20221003 16:52:31.739" endtime="20221003 16:52:44.492"/>
</kw>
<test id="s1-t1" name="user can view a product" line="15">
<kw name="Given user is not logged in" library="AmazonKeywords">
<kw name="Log" library="BuiltIn">
<arg>Check to see whether user is logged in</arg>
<doc>Logs the given message with the given level.</doc>
<msg timestamp="20221003 16:52:44.545" level="INFO">Check to see whether user is logged in</msg>
<status status="PASS" starttime="20221003 16:52:44.544" endtime="20221003 16:52:44.545"/>
</kw>
<status status="PASS" starttime="20221003 16:52:44.543" endtime="20221003 16:52:44.546"/>
</kw>
<kw name="When user enters site url" library="AmazonKeywords">
<kw name="Load" library="LandingPage">
<kw name="Go To" library="SeleniumLibrary">
<arg>${URL}</arg>
<doc>Navigates the current browser window to the provided ``url``.</doc>
<msg timestamp="20221003 16:52:44.704" level="INFO">Opening url 'https://www.amazon.com/'</msg>
<status status="PASS" starttime="20221003 16:52:44.699" endtime="20221003 16:52:46.257"/>
</kw>
<status status="PASS" starttime="20221003 16:52:44.697" endtime="20221003 16:52:46.258"/>
</kw>
<status status="PASS" starttime="20221003 16:52:44.695" endtime="20221003 16:52:46.258"/>
</kw>
<kw name="And user searches for products" library="AmazonKeywords">
<kw name="Search for Products" library="TopNav">
<kw name="Enter Search Term" library="TopNav">
<kw name="Input Text" library="SeleniumLibrary">
<arg>id=twotabsearchtextbox</arg>
<arg>${PRODUCT}</arg>
<doc>Types the given ``text`` into the text field identified by ``locator``.</doc>
<msg timestamp="20221003 16:52:46.264" level="INFO">Typing text 'headphones' into text field 'id=twotabsearchtextbox'.</msg>
<status status="PASS" starttime="20221003 16:52:46.263" endtime="20221003 16:52:46.612"/>
</kw>
<status status="PASS" starttime="20221003 16:52:46.262" endtime="20221003 16:52:46.612"/>
</kw>
<kw name="Submit Search" library="TopNav">
<kw name="Click Button" library="SeleniumLibrary">
<arg>id=nav-search-submit-button</arg>
<doc>Clicks the button identified by ``locator``.</doc>
<msg timestamp="20221003 16:52:46.615" level="INFO">Clicking button 'id=nav-search-submit-button'.</msg>
<status status="PASS" starttime="20221003 16:52:46.614" endtime="20221003 16:52:55.266"/>
</kw>
<status status="PASS" starttime="20221003 16:52:46.612" endtime="20221003 16:52:55.266"/>
</kw>
<status status="PASS" starttime="20221003 16:52:46.261" endtime="20221003 16:52:55.267"/>
</kw>
<status status="PASS" starttime="20221003 16:52:46.260" endtime="20221003 16:52:55.267"/>
</kw>
<kw name="And search results contains relevant products" library="AmazonKeywords">
<kw name="Verify Search Completed" library="SearchResults">
<kw name="Wait Until Page Contains" library="SeleniumLibrary">
<arg>results for "${PRODUCT}"</arg>
<doc>Waits until ``text`` appears on the current page.</doc>
<status status="PASS" starttime="20221003 16:52:55.271" endtime="20221003 16:52:55.428"/>
</kw>
<status status="PASS" starttime="20221003 16:52:55.270" endtime="20221003 16:52:55.429"/>
</kw>
<status status="PASS" starttime="20221003 16:52:55.269" endtime="20221003 16:52:55.429"/>
</kw>
<kw name="And user selects a product from search results" library="AmazonKeywords">
<kw name="Click Product Link" library="SearchResults">
<doc>Clicks on the first product in the search results list</doc>
<kw name="Click Element" library="SeleniumLibrary">
<arg>xpath=//div[@data-index="1"]//img[@class="s-image"]</arg>
<doc>Click the element identified by ``locator``.</doc>
<msg timestamp="20221003 16:52:55.437" level="INFO">Clicking element 'xpath=//div[@data-index="1"]//img[@class="s-image"]'.</msg>
<status status="PASS" starttime="20221003 16:52:55.435" endtime="20221003 16:53:04.645"/>
</kw>
<status status="PASS" starttime="20221003 16:52:55.433" endtime="20221003 16:53:04.645"/>
</kw>
<kw name="Verify Page Loaded" library="Product">
<kw name="Wait Until Page Contains" library="SeleniumLibrary">
<arg>Back to results</arg>
<doc>Waits until ``text`` appears on the current page.</doc>
<status status="PASS" starttime="20221003 16:53:04.647" endtime="20221003 16:53:04.875"/>
</kw>
<status status="PASS" starttime="20221003 16:53:04.646" endtime="20221003 16:53:04.875"/>
</kw>
<status status="PASS" starttime="20221003 16:52:55.432" endtime="20221003 16:53:04.875"/>
</kw>
<kw name="Then correct product page loads" library="AmazonKeywords">
<kw name="Verify Page Loaded" library="Product">
<kw name="Wait Until Page Contains" library="SeleniumLibrary">
<arg>Back to results</arg>
<doc>Waits until ``text`` appears on the current page.</doc>
<status status="PASS" starttime="20221003 16:53:04.879" endtime="20221003 16:53:05.109"/>
</kw>
<status status="PASS" starttime="20221003 16:53:04.878" endtime="20221003 16:53:05.110"/>
</kw>
<status status="PASS" starttime="20221003 16:53:04.877" endtime="20221003 16:53:05.110"/>
</kw>
<tag>Functional_Req001</tag>
<status status="PASS" starttime="20221003 16:52:44.493" endtime="20221003 16:53:05.111"/>
</test>
<kw name="End Web Test" library="CommonKeywords" type="TEARDOWN">
<kw name="Close Browser" library="SeleniumLibrary">
<doc>Closes the current browser.</doc>
<status status="PASS" starttime="20221003 16:53:05.116" endtime="20221003 16:53:08.005"/>
</kw>
<status status="PASS" starttime="20221003 16:53:05.115" endtime="20221003 16:53:08.005"/>
</kw>
<status status="PASS" starttime="20221003 16:52:30.938" endtime="20221003 16:53:08.005"/>
</suite>
<statistics>
<total>
<stat pass="1" fail="0" skip="0">All Tests</stat>
</total>
<tag>
<stat pass="1" fail="0" skip="0">Functional_Req001</stat>
</tag>
<suite>
<stat pass="1" fail="0" skip="0" id="s1" name="SearchProuctsTest">SearchProuctsTest</stat>
</suite>
</statistics>
<errors>
</errors>
</robot>
