<?xml version="1.0" encoding="UTF-8"?>
<robot generator="Robot 5.0.1 (Python 3.10.2 on win32)" generated="20220809 10:49:25.860" rpa="false" schemaversion="3">
<suite id="s1" name="AddProductToCartTest" source="D:\TESTS\amazon\tests\AddProductsToCart\AddProductToCartTest.robot">
<test id="s1-t1" name="user can add product to cart" line="13">
<kw name="Begin Web Test" library="Common" type="SETUP">
<kw name="Open Browser" library="SeleniumLibrary">
<arg>http://www.amazon.com</arg>
<arg>firefox</arg>
<doc>Opens a new browser instance to the optional ``url``.</doc>
<msg timestamp="20220809 10:49:26.240" level="INFO">Opening browser 'firefox' to base url 'http://www.amazon.com'.</msg>
<msg timestamp="20220809 10:49:26.262" level="INFO">Firefox driver log is always forced to to: D:\TESTS\amazon\tests\AddProductsToCart\geckodriver-1.log</msg>
<status status="PASS" starttime="20220809 10:49:26.240" endtime="20220809 10:49:36.495"/>
</kw>
<kw name="Maximize Browser Window" library="SeleniumLibrary">
<doc>Maximizes current browser window.</doc>
<status status="PASS" starttime="20220809 10:49:36.495" endtime="20220809 10:49:36.508"/>
</kw>
<status status="PASS" starttime="20220809 10:49:26.240" endtime="20220809 10:49:36.508"/>
</kw>
<kw name="Given user is not logged in" library="AmazonApp">
<kw name="Log" library="BuiltIn">
<arg>Check to see whether user is logged in</arg>
<doc>Logs the given message with the given level.</doc>
<msg timestamp="20220809 10:49:36.510" level="INFO">Check to see whether user is logged in</msg>
<status status="PASS" starttime="20220809 10:49:36.509" endtime="20220809 10:49:36.511"/>
</kw>
<status status="PASS" starttime="20220809 10:49:36.509" endtime="20220809 10:49:36.511"/>
</kw>
<kw name="And user searches for products" library="AmazonApp">
<kw name="Load" library="LandingPage">
<kw name="Go To" library="SeleniumLibrary">
<arg>http://www.amazon.com</arg>
<doc>Navigates the current browser window to the provided ``url``.</doc>
<msg timestamp="20220809 10:49:36.518" level="INFO">Opening url 'http://www.amazon.com'</msg>
<status status="PASS" starttime="20220809 10:49:36.517" endtime="20220809 10:49:38.425"/>
</kw>
<status status="PASS" starttime="20220809 10:49:36.516" endtime="20220809 10:49:38.425"/>
</kw>
<kw name="Search for Products" library="TopNav">
<kw name="Enter Search Term" library="TopNav">
<kw name="Input Text" library="SeleniumLibrary">
<arg>id=twotabsearchtextbox</arg>
<arg>Lenovo Tablet</arg>
<doc>Types the given ``text`` into the text field identified by ``locator``.</doc>
<msg timestamp="20220809 10:49:38.427" level="INFO">Typing text 'Lenovo Tablet' into text field 'id=twotabsearchtextbox'.</msg>
<status status="PASS" starttime="20220809 10:49:38.426" endtime="20220809 10:49:38.571"/>
</kw>
<status status="PASS" starttime="20220809 10:49:38.426" endtime="20220809 10:49:38.571"/>
</kw>
<kw name="Submit Search" library="TopNav">
<kw name="Click Button" library="SeleniumLibrary">
<arg>id=nav-search-submit-button</arg>
<doc>Clicks the button identified by ``locator``.</doc>
<msg timestamp="20220809 10:49:38.572" level="INFO">Clicking button 'id=nav-search-submit-button'.</msg>
<status status="PASS" starttime="20220809 10:49:38.572" endtime="20220809 10:49:43.359"/>
</kw>
<status status="PASS" starttime="20220809 10:49:38.572" endtime="20220809 10:49:43.359"/>
</kw>
<status status="PASS" starttime="20220809 10:49:38.425" endtime="20220809 10:49:43.359"/>
</kw>
<status status="PASS" starttime="20220809 10:49:36.516" endtime="20220809 10:49:43.360"/>
</kw>
<kw name="And search results contains relevant products" library="AmazonApp">
<kw name="Verify Search Completed" library="SearchResults">
<kw name="Wait Until Page Contains" library="SeleniumLibrary">
<arg>results for "Lenovo Tablet"</arg>
<doc>Waits until ``text`` appears on the current page.</doc>
<status status="PASS" starttime="20220809 10:49:43.366" endtime="20220809 10:49:43.404"/>
</kw>
<status status="PASS" starttime="20220809 10:49:43.366" endtime="20220809 10:49:43.404"/>
</kw>
<status status="PASS" starttime="20220809 10:49:43.365" endtime="20220809 10:49:43.404"/>
</kw>
<kw name="And user selects a product from search results" library="AmazonApp">
<kw name="Click Product Link" library="SearchResults">
<doc>Clicks on the first product in the search results list</doc>
<kw name="Click Element" library="SeleniumLibrary">
<arg>xpath=//div[@data-index="1"]//img[@class="s-image"]</arg>
<doc>Click the element identified by ``locator``.</doc>
<msg timestamp="20220809 10:49:43.406" level="INFO">Clicking element 'xpath=//div[@data-index="1"]//img[@class="s-image"]'.</msg>
<status status="PASS" starttime="20220809 10:49:43.406" endtime="20220809 10:49:49.983"/>
</kw>
<status status="PASS" starttime="20220809 10:49:43.404" endtime="20220809 10:49:49.983"/>
</kw>
<kw name="Verify Page Loaded" library="Product">
<kw name="Wait Until Page Contains" library="SeleniumLibrary">
<arg>Back to results</arg>
<doc>Waits until ``text`` appears on the current page.</doc>
<status status="PASS" starttime="20220809 10:49:49.984" endtime="20220809 10:49:50.030"/>
</kw>
<status status="PASS" starttime="20220809 10:49:49.984" endtime="20220809 10:49:50.030"/>
</kw>
<status status="PASS" starttime="20220809 10:49:43.404" endtime="20220809 10:49:50.030"/>
</kw>
<kw name="And correct product page loads" library="AmazonApp">
<kw name="Verify Page Loaded" library="Product">
<kw name="Wait Until Page Contains" library="SeleniumLibrary">
<arg>Back to results</arg>
<doc>Waits until ``text`` appears on the current page.</doc>
<status status="PASS" starttime="20220809 10:49:50.032" endtime="20220809 10:49:50.063"/>
</kw>
<status status="PASS" starttime="20220809 10:49:50.031" endtime="20220809 10:49:50.064"/>
</kw>
<status status="PASS" starttime="20220809 10:49:50.031" endtime="20220809 10:49:50.064"/>
</kw>
<kw name="When user adds that product to their cart" library="AmazonApp">
<kw name="Add to Cart" library="Product">
<kw name="Click Button" library="SeleniumLibrary">
<arg>id=add-to-cart-button</arg>
<doc>Clicks the button identified by ``locator``.</doc>
<msg timestamp="20220809 10:49:50.065" level="INFO">Clicking button 'id=add-to-cart-button'.</msg>
<status status="PASS" starttime="20220809 10:49:50.065" endtime="20220809 10:49:50.306"/>
</kw>
<status status="PASS" starttime="20220809 10:49:50.065" endtime="20220809 10:49:50.306"/>
</kw>
<status status="PASS" starttime="20220809 10:49:50.064" endtime="20220809 10:49:50.306"/>
</kw>
<kw name="Then the product is present in cart" library="AmazonApp">
<kw name="Verify Product Added" library="Cart">
<kw name="Wait Until Page Contains" library="SeleniumLibrary">
<arg>Added to Cart</arg>
<doc>Waits until ``text`` appears on the current page.</doc>
<status status="PASS" starttime="20220809 10:49:50.307" endtime="20220809 10:49:50.861"/>
</kw>
<status status="PASS" starttime="20220809 10:49:50.307" endtime="20220809 10:49:50.861"/>
</kw>
<status status="PASS" starttime="20220809 10:49:50.307" endtime="20220809 10:49:50.862"/>
</kw>
<kw name="End Web Test" library="Common" type="TEARDOWN">
<kw name="Close Browser" library="SeleniumLibrary">
<doc>Closes the current browser.</doc>
<status status="PASS" starttime="20220809 10:49:50.863" endtime="20220809 10:49:52.111"/>
</kw>
<status status="PASS" starttime="20220809 10:49:50.862" endtime="20220809 10:49:52.111"/>
</kw>
<tag>Smoke</tag>
<status status="PASS" starttime="20220809 10:49:26.239" endtime="20220809 10:49:52.112"/>
</test>
<status status="PASS" starttime="20220809 10:49:25.861" endtime="20220809 10:49:52.112"/>
</suite>
<statistics>
<total>
<stat pass="1" fail="0" skip="0">All Tests</stat>
</total>
<tag>
<stat pass="1" fail="0" skip="0">Smoke</stat>
</tag>
<suite>
<stat pass="1" fail="0" skip="0" id="s1" name="AddProductToCartTest">AddProductToCartTest</stat>
</suite>
</statistics>
<errors>
</errors>
</robot>
